0 info it worked if it ends with ok
1 verbose cli [ 'C:\\Program Files\\nodejs\\node.exe',
1 verbose cli   'C:\\Program Files\\nodejs\\node_modules\\npm\\bin\\npm-cli.js',
1 verbose cli   'run-script',
1 verbose cli   'prod' ]
2 info using npm@3.8.9
3 info using node@v6.2.0
4 verbose run-script [ 'preprod', 'prod', 'postprod' ]
5 info lifecycle blog@1.0.0~preprod: blog@1.0.0
6 silly lifecycle blog@1.0.0~preprod: no script for preprod, continuing
7 info lifecycle blog@1.0.0~prod: blog@1.0.0
8 verbose lifecycle blog@1.0.0~prod: unsafe-perm in lifecycle true
9 verbose lifecycle blog@1.0.0~prod: PATH: C:\Program Files\nodejs\node_modules\npm\bin\node-gyp-bin;F:\Documents\Projects\CILearning\codeship\blog\node_modules\.bin;C:\Program Files\nodejs;C:\Python27\;C:\Python27\Scripts;C:\ProgramData\Oracle\Java\javapath;C:\Windows\system32;C:\Windows;C:\Windows\System32\Wbem;C:\Windows\System32\WindowsPowerShell\v1.0\;C:\Program Files (x86)\NVIDIA Corporation\PhysX\Common;C:\Program Files\nodejs\;C:\xampp\php;C:\ProgramData\ComposerSetup\bin;C:\Go\bin;C:\Program Files\Sublime Text 3;C:\Users\GURU\.dnx\bin;C:\Program Files\Microsoft DNX\Dnvm\;C:\Program Files\Microsoft SQL Server\120\Tools\Binn\;C:\Ruby22-x64\bin;C:\Program Files (x86)\Microsoft VS Code\bin;C:\Users\GURU\AppData\Roaming\npm;C:\Users\GURU\AppData\Roaming\Composer\vendor\bin;C:\Users\GURU\AppData\Local\nylas\bin
10 verbose lifecycle blog@1.0.0~prod: CWD: F:\Documents\Projects\CILearning\codeship\blog
11 silly lifecycle blog@1.0.0~prod: Args: [ '/d /s /c', 'gulp --production' ]
12 silly lifecycle blog@1.0.0~prod: Returned: code: 1  signal: null
13 info lifecycle blog@1.0.0~prod: Failed to exec prod script
14 verbose stack Error: blog@1.0.0 prod: `gulp --production`
14 verbose stack Exit status 1
14 verbose stack     at EventEmitter.<anonymous> (C:\Program Files\nodejs\node_modules\npm\lib\utils\lifecycle.js:245:16)
14 verbose stack     at emitTwo (events.js:106:13)
14 verbose stack     at EventEmitter.emit (events.js:191:7)
14 verbose stack     at ChildProcess.<anonymous> (C:\Program Files\nodejs\node_modules\npm\lib\utils\spawn.js:24:14)
14 verbose stack     at emitTwo (events.js:106:13)
14 verbose stack     at ChildProcess.emit (events.js:191:7)
14 verbose stack     at maybeClose (internal/child_process.js:850:16)
14 verbose stack     at Process.ChildProcess._handle.onexit (internal/child_process.js:215:5)
15 verbose pkgid blog@1.0.0
16 verbose cwd F:\Documents\Projects\CILearning\codeship\blog
17 error Windows_NT 10.0.10240
18 error argv "C:\\Program Files\\nodejs\\node.exe" "C:\\Program Files\\nodejs\\node_modules\\npm\\bin\\npm-cli.js" "run-script" "prod"
19 error node v6.2.0
20 error npm  v3.8.9
21 error code ELIFECYCLE
22 error blog@1.0.0 prod: `gulp --production`
22 error Exit status 1
23 error Failed at the blog@1.0.0 prod script 'gulp --production'.
23 error Make sure you have the latest version of node.js and npm installed.
23 error If you do, this is most likely a problem with the blog package,
23 error not with npm itself.
23 error Tell the author that this fails on your system:
23 error     gulp --production
23 error You can get information on how to open an issue for this project with:
23 error     npm bugs blog
23 error Or if that isn't available, you can get their info via:
23 error     npm owner ls blog
23 error There is likely additional logging output above.
24 verbose exit [ 1, true ]
